<?xml version="1.0" encoding="UTF-8"?>
<testsuite name="SignUp" tests="1" skipped="0" failures="0" errors="0" timestamp="2019-12-02T02:55:36" hostname="Almass-MacBook-Pro.local" time="0.53">
  <properties/>
  <testcase name="signUpEmptyCredentials" classname="SignUp" time="0.53"/>
  <system-out><![CDATA[]]></system-out>
  <system-err><![CDATA[Starting ChromeDriver 78.0.3904.70 (edb9c9f3de0247fd912a77b7f6cae7447f6d3ad5-refs/branch-heads/3904@{#800}) on port 18079
Only local connections are allowed.
Please protect ports used by ChromeDriver and related test frameworks to prevent access by malicious code.
Dec 01, 2019 6:55:33 PM org.openqa.selenium.remote.ProtocolHandshake createSession
INFO: Detected dialect: W3C
]]></system-err>
</testsuite>
